Added Component: Designator=C34(C0603-IPC)
Add component. Clean all parameters for all variants
Add component (AddParameter): Name = "EIA Code"; Value = "X7R"; VariantName = "[No Variations]"
Add component (AddParameter): Name = "Max. Voltage"; Value = "10V"; VariantName = "[No Variations]"
Add component (AddParameter): Name = "Value"; Value = "4.7nF"; VariantName = "[No Variations]"
Added Component: Designator=J4(HDR2X3)
Add component. Clean all parameters for all variants
Add component (AddParameter): Name = "LatestRevisionDate"; Value = "17-Jul-2002"; VariantName = "[No Variations]"
Add component (AddParameter): Name = "LatestRevisionNote"; Value = "Re-released for DXP Platform."; VariantName = "[No Variations]"
Add component (AddParameter): Name = "Publisher"; Value = "Altium Limited"; VariantName = "[No Variations]"
Added Component: Designator=R14(R2512-IPC)
Add component. Clean all parameters for all variants
Add component (AddParameter): Name = "Value"; Value = "60.4"; VariantName = "[No Variations]"
Added Component: Designator=R15(R2512-IPC)
Add component. Clean all parameters for all variants
Add component (AddParameter): Name = "Value"; Value = "60.4"; VariantName = "[No Variations]"
Added Pin To Net: NetName=GND Pin=C34-2
Added Pin To Net: NetName=CAN_H Pin=R14-2
Added Pin To Net: NetName=CAN_L Pin=R15-1
Added Pin To Net: NetName=NetC34_1 Pin=C34-1
Added Pin To Net: NetName=NetC34_1 Pin=J4-4
Added Net: Name=NetC34_1
Added Pin To Net: NetName=NetJ4_1 Pin=J4-1
Added Pin To Net: NetName=NetJ4_1 Pin=J4-2
Added Pin To Net: NetName=NetJ4_1 Pin=R14-1
Added Net: Name=NetJ4_1
Added Pin To Net: NetName=NetJ4_3 Pin=J4-3
Added Pin To Net: NetName=NetJ4_3 Pin=R15-2
Added Net: Name=NetJ4_3
Added Member To Class: ClassName=JUMPERS Member=Component C34 0603 Capacitor Template
Added Member To Class: ClassName=JUMPERS Member=Component J4 CAN Termination Jumper
Added Member To Class: ClassName=JUMPERS Member=Component R14 2512 Template
Added Member To Class: ClassName=JUMPERS Member=Component R15 2512 Template
