Added Component: Designator=C14(C0603-IPC)
Add component. Clean all parameters for all variants
Add component (AddParameter): Name = "EIA Code"; Value = "X7R"; VariantName = "[No Variations]"
Add component (AddParameter): Name = "Max. Voltage"; Value = "10V"; VariantName = "[No Variations]"
Add component (AddParameter): Name = "OrbitPartId"; Value = "13"; VariantName = "[No Variations]"
Add component (AddParameter): Name = "PartId"; Value = "1"; VariantName = "[No Variations]"
Add component (AddParameter): Name = "Subtype"; Value = "Capacitor"; VariantName = "[No Variations]"
Add component (AddParameter): Name = "Type"; Value = "Passive"; VariantName = "[No Variations]"
Add component (AddParameter): Name = "Value"; Value = "10nF"; VariantName = "[No Variations]"
Added Pin To Net: NetName=GND Pin=*-16
Added Pin To Net: NetName=GND Pin=*-31
Added Pin To Net: NetName=GND Pin=*-38
Added Pin To Net: NetName=GND Pin=*-51
Added Pin To Net: NetName=GND Pin=*-61
Added Pin To Net: NetName=GND Pin=*-83
Added Pin To Net: NetName=GND Pin=*-94
Added Pin To Net: NetName=GND Pin=*-107
Added Pin To Net: NetName=GND Pin=*-120
Added Pin To Net: NetName=GND Pin=*-130
Added Pin To Net: NetName=GND Pin=C14-1
Added Pin To Net: NetName=Net*_32 Pin=*-32
Added Pin To Net: NetName=Net*_32 Pin=C14-2
Added Net: Name=Net*_32
Added Member To Class: ClassName=MCU Member=Component C14 Capacitor
