Added Component: Designator=C35(C0603-IPC)
Add component. Clean all parameters for all variants
Add component (AddParameter): Name = "EIA Code"; Value = "X7R"; VariantName = "[No Variations]"
Add component (AddParameter): Name = "Max. Voltage"; Value = "10V"; VariantName = "[No Variations]"
Add component (AddParameter): Name = "OrbitPartId"; Value = "13"; VariantName = "[No Variations]"
Add component (AddParameter): Name = "PartId"; Value = "1"; VariantName = "[No Variations]"
Add component (AddParameter): Name = "Subtype"; Value = "Capacitor"; VariantName = "[No Variations]"
Add component (AddParameter): Name = "Type"; Value = "Passive"; VariantName = "[No Variations]"
Add component (AddParameter): Name = "Value"; Value = "100nF"; VariantName = "[No Variations]"
Added Component: Designator=C36(C0603-IPC)
Add component. Clean all parameters for all variants
Add component (AddParameter): Name = "EIA Code"; Value = "X7R"; VariantName = "[No Variations]"
Add component (AddParameter): Name = "Max. Voltage"; Value = "10V"; VariantName = "[No Variations]"
Add component (AddParameter): Name = "OrbitPartId"; Value = "13"; VariantName = "[No Variations]"
Add component (AddParameter): Name = "PartId"; Value = "1"; VariantName = "[No Variations]"
Add component (AddParameter): Name = "Subtype"; Value = "Capacitor"; VariantName = "[No Variations]"
Add component (AddParameter): Name = "Type"; Value = "Passive"; VariantName = "[No Variations]"
Add component (AddParameter): Name = "Value"; Value = "100nF"; VariantName = "[No Variations]"
Added Component: Designator=R16(R2512-IPC)
Add component. Clean all parameters for all variants
Add component (AddParameter): Name = "Value"; Value = "0.03"; VariantName = "[No Variations]"
Added Component: Designator=R17(R2512-IPC)
Add component. Clean all parameters for all variants
Add component (AddParameter): Name = "Value"; Value = "0.03"; VariantName = "[No Variations]"
Added Component: Designator=R18(R2512-IPC)
Add component. Clean all parameters for all variants
Add component (AddParameter): Name = "Value"; Value = "0.03"; VariantName = "[No Variations]"
Added Component: Designator=R19(R2512-IPC)
Add component. Clean all parameters for all variants
Add component (AddParameter): Name = "Value"; Value = "0.03"; VariantName = "[No Variations]"
Added Component: Designator=R20(R2512-IPC)
Add component. Clean all parameters for all variants
Add component (AddParameter): Name = "Value"; Value = "0.03"; VariantName = "[No Variations]"
Added Component: Designator=R21(R2512-IPC)
Add component. Clean all parameters for all variants
Add component (AddParameter): Name = "Value"; Value = "0.03"; VariantName = "[No Variations]"
Added Component: Designator=R22(R2512-IPC)
Add component. Clean all parameters for all variants
Add component (AddParameter): Name = "Value"; Value = "0.03"; VariantName = "[No Variations]"
Added Component: Designator=R23(R2512-IPC)
Add component. Clean all parameters for all variants
Add component (AddParameter): Name = "Value"; Value = "0.03"; VariantName = "[No Variations]"
Added Component: Designator=U5(TSSOP14)
Add component. Clean all parameters for all variants
Add component (AddParameter): Name = "ComponentLink1Description"; Value = "Datasheet"; VariantName = "[No Variations]"
Add component (AddParameter): Name = "ComponentLink1URL"; Value = "http://www.ti.com/lit/ds/symlink/ina4180.pdf"; VariantName = "[No Variations]"
Added Component: Designator=U6(TSSOP14)
Add component. Clean all parameters for all variants
Add component (AddParameter): Name = "ComponentLink1Description"; Value = "Datasheet"; VariantName = "[No Variations]"
Add component (AddParameter): Name = "ComponentLink1URL"; Value = "http://www.ti.com/lit/ds/symlink/ina4180.pdf"; VariantName = "[No Variations]"
Added Pin To Net: NetName=GND Pin=C35-1
Added Pin To Net: NetName=3V3 Pin=C35-2
Added Pin To Net: NetName=GND Pin=C36-1
Added Pin To Net: NetName=3V3 Pin=C36-2
Added Pin To Net: NetName=3V3 Pin=R16-2
Added Pin To Net: NetName=3V3 Pin=R17-1
Added Pin To Net: NetName=3V3 Pin=R18-2
Added Pin To Net: NetName=3V3 Pin=R19-1
Added Pin To Net: NetName=5V0 Pin=R20-2
Added Pin To Net: NetName=12V0 Pin=R21-1
Added Pin To Net: NetName=5V0 Pin=R22-2
Added Pin To Net: NetName=5V0 Pin=R23-1
Added Pin To Net: NetName=3V3 Pin=U5-3
Added Pin To Net: NetName=3V3 Pin=U5-4
Added Pin To Net: NetName=3V3 Pin=U5-5
Added Pin To Net: NetName=3V3 Pin=U5-10
Added Pin To Net: NetName=GND Pin=U5-11
Added Pin To Net: NetName=3V3 Pin=U5-12
Added Pin To Net: NetName=5V0 Pin=U6-3
Added Pin To Net: NetName=3V3 Pin=U6-4
Added Pin To Net: NetName=5V0 Pin=U6-5
Added Pin To Net: NetName=5V0 Pin=U6-10
Added Pin To Net: NetName=GND Pin=U6-11
Added Pin To Net: NetName=12V0 Pin=U6-12
Added Pin To Net: NetName=ACS_3V3_CURRENT Pin=U5-7
Added Net: Name=ACS_3V3_CURRENT
Added Pin To Net: NetName=ACS_3V3 Pin=R18-1
Added Pin To Net: NetName=ACS_3V3 Pin=U5-6
Added Net: Name=ACS_3V3
Added Pin To Net: NetName=ACS_5V0_CURRENT Pin=U6-8
Added Net: Name=ACS_5V0_CURRENT
Added Pin To Net: NetName=ACS_5V Pin=R23-2
Added Pin To Net: NetName=ACS_5V Pin=U6-9
Added Net: Name=ACS_5V
Added Pin To Net: NetName=ACS_12V0_CURRENT Pin=U6-14
Added Net: Name=ACS_12V0_CURRENT
Added Pin To Net: NetName=ACS_12V Pin=R21-2
Added Pin To Net: NetName=ACS_12V Pin=U6-13
Added Net: Name=ACS_12V
Added Pin To Net: NetName=CDH_3V3 Pin=R16-1
Added Pin To Net: NetName=CDH_3V3 Pin=U5-2
Added Net: Name=CDH_3V3
Added Pin To Net: NetName=CDH_CURRENT Pin=U5-1
Added Net: Name=CDH_CURRENT
Added Pin To Net: NetName=COM_3V3_CURRENT Pin=U5-8
Added Net: Name=COM_3V3_CURRENT
Added Pin To Net: NetName=COM_3V3 Pin=R19-2
Added Pin To Net: NetName=COM_3V3 Pin=U5-9
Added Net: Name=COM_3V3
Added Pin To Net: NetName=COM_5V0_CURRENT Pin=U6-7
Added Net: Name=COM_5V0_CURRENT
Added Pin To Net: NetName=COM_5V Pin=R22-1
Added Pin To Net: NetName=COM_5V Pin=U6-6
Added Net: Name=COM_5V
Added Pin To Net: NetName=EPS_3V3 Pin=R17-2
Added Pin To Net: NetName=EPS_3V3 Pin=U5-13
Added Net: Name=EPS_3V3
Added Pin To Net: NetName=EPS_CURRENT Pin=U5-14
Added Net: Name=EPS_CURRENT
Added Pin To Net: NetName=PAY_5V Pin=R20-1
Added Pin To Net: NetName=PAY_5V Pin=U6-2
Added Net: Name=PAY_5V
Added Pin To Net: NetName=PAY_CURRENT Pin=U6-1
Added Net: Name=PAY_CURRENT
Added Class: Name=CURRENT_SENSE
