Added Component: Designator=C27(C1206-IPC)
Add component. Clean all parameters for all variants
Add component (AddParameter): Name = "ComponentLink1Description"; Value = "12063D106KAT2A"; VariantName = "[No Variations]"
Add component (AddParameter): Name = "ComponentLink1URL"; Value = "https://www.digikey.ca/en/products/detail/avx-corporation/12063D106KAT2A/1950914"; VariantName = "[No Variations]"
Add component (AddParameter): Name = "EIA Code"; Value = "X5R"; VariantName = "[No Variations]"
Add component (AddParameter): Name = "Max. Voltage"; Value = "25V"; VariantName = "[No Variations]"
Add component (AddParameter): Name = "OrbitPartId"; Value = "15"; VariantName = "[No Variations]"
Add component (AddParameter): Name = "PartId"; Value = "1"; VariantName = "[No Variations]"
Add component (AddParameter): Name = "Subtype"; Value = "Capacitor"; VariantName = "[No Variations]"
Add component (AddParameter): Name = "Type"; Value = "Passive"; VariantName = "[No Variations]"
Add component (AddParameter): Name = "Value"; Value = "10uF"; VariantName = "[No Variations]"
Added Component: Designator=C28(C1206-IPC)
Add component. Clean all parameters for all variants
Add component (AddParameter): Name = "ComponentLink1Description"; Value = "12063D106KAT2A"; VariantName = "[No Variations]"
Add component (AddParameter): Name = "ComponentLink1URL"; Value = "https://www.digikey.ca/en/products/detail/avx-corporation/12063D106KAT2A/1950914"; VariantName = "[No Variations]"
Add component (AddParameter): Name = "EIA Code"; Value = "X5R"; VariantName = "[No Variations]"
Add component (AddParameter): Name = "Max. Voltage"; Value = "25V"; VariantName = "[No Variations]"
Add component (AddParameter): Name = "OrbitPartId"; Value = "15"; VariantName = "[No Variations]"
Add component (AddParameter): Name = "PartId"; Value = "1"; VariantName = "[No Variations]"
Add component (AddParameter): Name = "Subtype"; Value = "Capacitor"; VariantName = "[No Variations]"
Add component (AddParameter): Name = "Type"; Value = "Passive"; VariantName = "[No Variations]"
Add component (AddParameter): Name = "Value"; Value = "10uF"; VariantName = "[No Variations]"
Added Component: Designator=C29(C0603-IPC)
Add component. Clean all parameters for all variants
Add component (AddParameter): Name = "ComponentLink1Description"; Value = "C0603C104K3RACTU"; VariantName = "[No Variations]"
Add component (AddParameter): Name = "ComponentLink1URL"; Value = "https://www.digikey.ca/en/products/detail/kemet/C0603C104K3RACTU/416044?s=N4IgTCBcDaIMIAYBsCDMcCMCAsBpVASgIJwAqAqiALoC%2BQA"; VariantName = "[No Variations]"
Add component (AddParameter): Name = "EIA Code"; Value = "X7R"; VariantName = "[No Variations]"
Add component (AddParameter): Name = "Max. Voltage"; Value = "25V"; VariantName = "[No Variations]"
Add component (AddParameter): Name = "OrbitPartId"; Value = "13"; VariantName = "[No Variations]"
Add component (AddParameter): Name = "PartId"; Value = "1"; VariantName = "[No Variations]"
Add component (AddParameter): Name = "Subtype"; Value = "Capacitor"; VariantName = "[No Variations]"
Add component (AddParameter): Name = "Type"; Value = "Passive"; VariantName = "[No Variations]"
Add component (AddParameter): Name = "Value"; Value = "0.1uF"; VariantName = "[No Variations]"
Added Component: Designator=C30(C0603-IPC)
Add component. Clean all parameters for all variants
Add component (AddParameter): Name = "ComponentLink1Description"; Value = "C0603C104K3RACTU"; VariantName = "[No Variations]"
Add component (AddParameter): Name = "ComponentLink1URL"; Value = "https://www.digikey.ca/en/products/detail/kemet/C0603C104K3RACTU/416044?s=N4IgTCBcDaIMIAYBsCDMcCMCAsBpVASgIJwAqAqiALoC%2BQA"; VariantName = "[No Variations]"
Add component (AddParameter): Name = "EIA Code"; Value = "X7R"; VariantName = "[No Variations]"
Add component (AddParameter): Name = "Max. Voltage"; Value = "25V"; VariantName = "[No Variations]"
Add component (AddParameter): Name = "OrbitPartId"; Value = "13"; VariantName = "[No Variations]"
Add component (AddParameter): Name = "PartId"; Value = "1"; VariantName = "[No Variations]"
Add component (AddParameter): Name = "Subtype"; Value = "Capacitor"; VariantName = "[No Variations]"
Add component (AddParameter): Name = "Type"; Value = "Passive"; VariantName = "[No Variations]"
Add component (AddParameter): Name = "Value"; Value = "0.1uF"; VariantName = "[No Variations]"
Added Component: Designator=C31(C0603-IPC)
Add component. Clean all parameters for all variants
Add component (AddParameter): Name = "ComponentLink1Description"; Value = "C1608X5R1A226M080AC"; VariantName = "[No Variations]"
Add component (AddParameter): Name = "ComponentLink1URL"; Value = "https://www.digikey.ca/en/products/detail/tdk-corporation/C1608X5R1A226M080AC/3661560?s=N4IgTCBcDaIMIEYBsAGAHADQKwCUEEEwwkBZdFfOEAXQF8g"; VariantName = "[No Variations]"
Add component (AddParameter): Name = "EIA Code"; Value = "X5R"; VariantName = "[No Variations]"
Add component (AddParameter): Name = "Max. Voltage"; Value = "10V"; VariantName = "[No Variations]"
Add component (AddParameter): Name = "OrbitPartId"; Value = "13"; VariantName = "[No Variations]"
Add component (AddParameter): Name = "PartId"; Value = "1"; VariantName = "[No Variations]"
Add component (AddParameter): Name = "Subtype"; Value = "Capacitor"; VariantName = "[No Variations]"
Add component (AddParameter): Name = "Type"; Value = "Passive"; VariantName = "[No Variations]"
Add component (AddParameter): Name = "Value"; Value = "22uF"; VariantName = "[No Variations]"
Added Component: Designator=C32(C0603-IPC)
Add component. Clean all parameters for all variants
Add component (AddParameter): Name = "ComponentLink1Description"; Value = "C1608X5R1A226M080AC"; VariantName = "[No Variations]"
Add component (AddParameter): Name = "ComponentLink1URL"; Value = "https://www.digikey.ca/en/products/detail/tdk-corporation/C1608X5R1A226M080AC/3661560?s=N4IgTCBcDaIMIEYBsAGAHADQKwCUEEEwwkBZdFfOEAXQF8g"; VariantName = "[No Variations]"
Add component (AddParameter): Name = "EIA Code"; Value = "X5R"; VariantName = "[No Variations]"
Add component (AddParameter): Name = "Max. Voltage"; Value = "10V"; VariantName = "[No Variations]"
Add component (AddParameter): Name = "OrbitPartId"; Value = "13"; VariantName = "[No Variations]"
Add component (AddParameter): Name = "PartId"; Value = "1"; VariantName = "[No Variations]"
Add component (AddParameter): Name = "Subtype"; Value = "Capacitor"; VariantName = "[No Variations]"
Add component (AddParameter): Name = "Type"; Value = "Passive"; VariantName = "[No Variations]"
Add component (AddParameter): Name = "Value"; Value = "22uF"; VariantName = "[No Variations]"
Added Component: Designator=C33(C0603-IPC)
Add component. Clean all parameters for all variants
Add component (AddParameter): Name = "ComponentLink1Description"; Value = "C1608X5R1A226M080AC"; VariantName = "[No Variations]"
Add component (AddParameter): Name = "ComponentLink1URL"; Value = "https://www.digikey.ca/en/products/detail/tdk-corporation/C1608X5R1A226M080AC/3661560?s=N4IgTCBcDaIMIEYBsAGAHADQKwCUEEEwwkBZdFfOEAXQF8g"; VariantName = "[No Variations]"
Add component (AddParameter): Name = "EIA Code"; Value = "X5R"; VariantName = "[No Variations]"
Add component (AddParameter): Name = "Max. Voltage"; Value = "10V"; VariantName = "[No Variations]"
Add component (AddParameter): Name = "OrbitPartId"; Value = "13"; VariantName = "[No Variations]"
Add component (AddParameter): Name = "PartId"; Value = "1"; VariantName = "[No Variations]"
Add component (AddParameter): Name = "Subtype"; Value = "Capacitor"; VariantName = "[No Variations]"
Add component (AddParameter): Name = "Type"; Value = "Passive"; VariantName = "[No Variations]"
Add component (AddParameter): Name = "Value"; Value = "22uF"; VariantName = "[No Variations]"
Added Component: Designator=L2(WE-LHMI 7050)
Add component. Clean all parameters for all variants
Add component (AddParameter): Name = "ComponentLink1Description"; Value = "Manufacturer URL"; VariantName = "[No Variations]"
Add component (AddParameter): Name = "ComponentLink1URL"; Value = "http://www.we-online.com"; VariantName = "[No Variations]"
Add component (AddParameter): Name = "ComponentLink2Description"; Value = "Datasheet"; VariantName = "[No Variations]"
Add component (AddParameter): Name = "ComponentLink2URL"; Value = "http://katalog.we-online.de/kataloge/eisos/media/pdf/74437349033.pdf"; VariantName = "[No Variations]"
Add component (AddParameter): Name = "Inductance"; Value = "3.3 µH"; VariantName = "[No Variations]"
Add component (AddParameter): Name = "Manufacturer"; Value = "Wuerth Elektronik"; VariantName = "[No Variations]"
Add component (AddParameter): Name = "PackageReference"; Value = "WE-LHMI 7050"; VariantName = "[No Variations]"
Add component (AddParameter): Name = "PartNumber"; Value = "74437349033"; VariantName = "[No Variations]"
Added Component: Designator=R12(R0402-IPC)
Add component. Clean all parameters for all variants
Add component (AddParameter): Name = "ComponentLink1Description"; Value = "CRCW040254K9FKED"; VariantName = "[No Variations]"
Add component (AddParameter): Name = "ComponentLink1URL"; Value = "https://www.digikey.ca/en/products/detail/vishay-dale/crcw040254k9fked/1178205"; VariantName = "[No Variations]"
Add component (AddParameter): Name = "OrbitPartId"; Value = "19"; VariantName = "[No Variations]"
Add component (AddParameter): Name = "PartId"; Value = "1"; VariantName = "[No Variations]"
Add component (AddParameter): Name = "Subtype"; Value = "Resistor"; VariantName = "[No Variations]"
Add component (AddParameter): Name = "Type"; Value = "Passive"; VariantName = "[No Variations]"
Add component (AddParameter): Name = "Value"; Value = "54.9k"; VariantName = "[No Variations]"
Added Component: Designator=R13(R0402-IPC)
Add component. Clean all parameters for all variants
Add component (AddParameter): Name = "ComponentLink1Description"; Value = "CRCW040210K0FKED"; VariantName = "[No Variations]"
Add component (AddParameter): Name = "ComponentLink1URL"; Value = "https://www.digikey.ca/en/products/detail/vishay-dale/CRCW040210K0FKED/1178121"; VariantName = "[No Variations]"
Add component (AddParameter): Name = "OrbitPartId"; Value = "19"; VariantName = "[No Variations]"
Add component (AddParameter): Name = "PartId"; Value = "1"; VariantName = "[No Variations]"
Add component (AddParameter): Name = "Subtype"; Value = "Resistor"; VariantName = "[No Variations]"
Add component (AddParameter): Name = "Type"; Value = "Passive"; VariantName = "[No Variations]"
Add component (AddParameter): Name = "Value"; Value = "10k"; VariantName = "[No Variations]"
Added Component: Designator=U4(SOT23-6_L)
Add component. Clean all parameters for all variants
Add component (AddParameter): Name = "ComponentLink1Description"; Value = "Datasheet"; VariantName = "[No Variations]"
Add component (AddParameter): Name = "ComponentLink1URL"; Value = "http://www.ti.com/lit/ds/symlink/tps565208.pdf"; VariantName = "[No Variations]"
Added Pin To Net: NetName=GND Pin=C27-1
Added Pin To Net: NetName=VCC_IN Pin=C27-2
Added Pin To Net: NetName=GND Pin=C28-1
Added Pin To Net: NetName=VCC_IN Pin=C28-2
Added Pin To Net: NetName=GND Pin=C29-1
Added Pin To Net: NetName=VCC_IN Pin=C29-2
Added Pin To Net: NetName=GND Pin=C31-1
Added Pin To Net: NetName=5V0 Pin=C31-2
Added Pin To Net: NetName=GND Pin=C32-1
Added Pin To Net: NetName=5V0 Pin=C32-2
Added Pin To Net: NetName=GND Pin=C33-1
Added Pin To Net: NetName=5V0 Pin=C33-2
Added Pin To Net: NetName=5V0 Pin=L2-2
Added Pin To Net: NetName=5V0 Pin=R12-2
Added Pin To Net: NetName=GND Pin=R13-1
Added Pin To Net: NetName=GND Pin=U4-1
Added Pin To Net: NetName=VCC_IN Pin=U4-3
Added Pin To Net: NetName=VCC_IN Pin=U4-5
Added Pin To Net: NetName=NetC30_1 Pin=C30-1
Added Pin To Net: NetName=NetC30_1 Pin=U4-6
Added Net: Name=NetC30_1
Added Pin To Net: NetName=NetC30_2 Pin=C30-2
Added Pin To Net: NetName=NetC30_2 Pin=L2-1
Added Pin To Net: NetName=NetC30_2 Pin=U4-2
Added Net: Name=NetC30_2
Added Pin To Net: NetName=NetR12_1 Pin=R12-1
Added Pin To Net: NetName=NetR12_1 Pin=R13-2
Added Pin To Net: NetName=NetR12_1 Pin=U4-4
Added Net: Name=NetR12_1
Added Class: Name=5V0_PCM
Added Room: Name=5V0_PCM
