Added Component: Designator=C37(C0603-IPC)
Add component. Clean all parameters for all variants
Add component (AddParameter): Name = "EIA Code"; Value = "X5R"; VariantName = "[No Variations]"
Add component (AddParameter): Name = "Max. Voltage"; Value = "16V"; VariantName = "[No Variations]"
Add component (AddParameter): Name = "OrbitPartId"; Value = "13"; VariantName = "[No Variations]"
Add component (AddParameter): Name = "PartId"; Value = "1"; VariantName = "[No Variations]"
Add component (AddParameter): Name = "Subtype"; Value = "Capacitor"; VariantName = "[No Variations]"
Add component (AddParameter): Name = "Type"; Value = "Passive"; VariantName = "[No Variations]"
Add component (AddParameter): Name = "Value"; Value = "1uF"; VariantName = "[No Variations]"
Added Component: Designator=C38(C0603-IPC)
Add component. Clean all parameters for all variants
Add component (AddParameter): Name = "EIA Code"; Value = "X5R"; VariantName = "[No Variations]"
Add component (AddParameter): Name = "Max. Voltage"; Value = "16V"; VariantName = "[No Variations]"
Add component (AddParameter): Name = "OrbitPartId"; Value = "13"; VariantName = "[No Variations]"
Add component (AddParameter): Name = "PartId"; Value = "1"; VariantName = "[No Variations]"
Add component (AddParameter): Name = "Subtype"; Value = "Capacitor"; VariantName = "[No Variations]"
Add component (AddParameter): Name = "Type"; Value = "Passive"; VariantName = "[No Variations]"
Add component (AddParameter): Name = "Value"; Value = "1uF"; VariantName = "[No Variations]"
Added Component: Designator=C39(C0603-IPC)
Add component. Clean all parameters for all variants
Add component (AddParameter): Name = "EIA Code"; Value = "X5R"; VariantName = "[No Variations]"
Add component (AddParameter): Name = "Max. Voltage"; Value = "16V"; VariantName = "[No Variations]"
Add component (AddParameter): Name = "OrbitPartId"; Value = "13"; VariantName = "[No Variations]"
Add component (AddParameter): Name = "PartId"; Value = "1"; VariantName = "[No Variations]"
Add component (AddParameter): Name = "Subtype"; Value = "Capacitor"; VariantName = "[No Variations]"
Add component (AddParameter): Name = "Type"; Value = "Passive"; VariantName = "[No Variations]"
Add component (AddParameter): Name = "Value"; Value = "1uF"; VariantName = "[No Variations]"
Added Component: Designator=C40(C0603-IPC)
Add component. Clean all parameters for all variants
Add component (AddParameter): Name = "EIA Code"; Value = "X5R"; VariantName = "[No Variations]"
Add component (AddParameter): Name = "Max. Voltage"; Value = "16V"; VariantName = "[No Variations]"
Add component (AddParameter): Name = "OrbitPartId"; Value = "13"; VariantName = "[No Variations]"
Add component (AddParameter): Name = "PartId"; Value = "1"; VariantName = "[No Variations]"
Add component (AddParameter): Name = "Subtype"; Value = "Capacitor"; VariantName = "[No Variations]"
Add component (AddParameter): Name = "Type"; Value = "Passive"; VariantName = "[No Variations]"
Add component (AddParameter): Name = "Value"; Value = "1uF"; VariantName = "[No Variations]"
Added Component: Designator=C41(C0603-IPC)
Add component. Clean all parameters for all variants
Add component (AddParameter): Name = "EIA Code"; Value = "X5R"; VariantName = "[No Variations]"
Add component (AddParameter): Name = "Max. Voltage"; Value = "16V"; VariantName = "[No Variations]"
Add component (AddParameter): Name = "OrbitPartId"; Value = "13"; VariantName = "[No Variations]"
Add component (AddParameter): Name = "PartId"; Value = "1"; VariantName = "[No Variations]"
Add component (AddParameter): Name = "Subtype"; Value = "Capacitor"; VariantName = "[No Variations]"
Add component (AddParameter): Name = "Type"; Value = "Passive"; VariantName = "[No Variations]"
Add component (AddParameter): Name = "Value"; Value = "1uF"; VariantName = "[No Variations]"
Added Component: Designator=C42(C0603-IPC)
Add component. Clean all parameters for all variants
Add component (AddParameter): Name = "EIA Code"; Value = "X5R"; VariantName = "[No Variations]"
Add component (AddParameter): Name = "Max. Voltage"; Value = "16V"; VariantName = "[No Variations]"
Add component (AddParameter): Name = "OrbitPartId"; Value = "13"; VariantName = "[No Variations]"
Add component (AddParameter): Name = "PartId"; Value = "1"; VariantName = "[No Variations]"
Add component (AddParameter): Name = "Subtype"; Value = "Capacitor"; VariantName = "[No Variations]"
Add component (AddParameter): Name = "Type"; Value = "Passive"; VariantName = "[No Variations]"
Add component (AddParameter): Name = "Value"; Value = "1uF"; VariantName = "[No Variations]"
Added Component: Designator=C43(C0603-IPC)
Add component. Clean all parameters for all variants
Add component (AddParameter): Name = "EIA Code"; Value = "X5R"; VariantName = "[No Variations]"
Add component (AddParameter): Name = "Max. Voltage"; Value = "16V"; VariantName = "[No Variations]"
Add component (AddParameter): Name = "OrbitPartId"; Value = "13"; VariantName = "[No Variations]"
Add component (AddParameter): Name = "PartId"; Value = "1"; VariantName = "[No Variations]"
Add component (AddParameter): Name = "Subtype"; Value = "Capacitor"; VariantName = "[No Variations]"
Add component (AddParameter): Name = "Type"; Value = "Passive"; VariantName = "[No Variations]"
Add component (AddParameter): Name = "Value"; Value = "1uF"; VariantName = "[No Variations]"
Added Component: Designator=C44(C0603-IPC)
Add component. Clean all parameters for all variants
Add component (AddParameter): Name = "EIA Code"; Value = "X5R"; VariantName = "[No Variations]"
Add component (AddParameter): Name = "Max. Voltage"; Value = "16V"; VariantName = "[No Variations]"
Add component (AddParameter): Name = "OrbitPartId"; Value = "13"; VariantName = "[No Variations]"
Add component (AddParameter): Name = "PartId"; Value = "1"; VariantName = "[No Variations]"
Add component (AddParameter): Name = "Subtype"; Value = "Capacitor"; VariantName = "[No Variations]"
Add component (AddParameter): Name = "Type"; Value = "Passive"; VariantName = "[No Variations]"
Add component (AddParameter): Name = "Value"; Value = "1uF"; VariantName = "[No Variations]"
Added Pin To Net: NetName=GND Pin=C37-1
Added Pin To Net: NetName=3V3 Pin=C37-2
Added Pin To Net: NetName=GND Pin=C38-1
Added Pin To Net: NetName=3V3 Pin=C38-2
Added Pin To Net: NetName=GND Pin=C39-1
Added Pin To Net: NetName=3V3 Pin=C39-2
Added Pin To Net: NetName=GND Pin=C40-1
Added Pin To Net: NetName=3V3 Pin=C40-2
Added Pin To Net: NetName=GND Pin=C41-1
Added Pin To Net: NetName=5V0 Pin=C41-2
Added Pin To Net: NetName=GND Pin=C42-1
Added Pin To Net: NetName=5V0 Pin=C42-2
Added Pin To Net: NetName=GND Pin=C43-1
Added Pin To Net: NetName=5V0 Pin=C43-2
Added Pin To Net: NetName=GND Pin=C44-1
Added Pin To Net: NetName=12V0 Pin=C44-2
Added Member To Class: ClassName=3V3_PCM Member=Component C37 Capacitor
Added Member To Class: ClassName=3V3_PCM Member=Component C38 Capacitor
Added Member To Class: ClassName=3V3_PCM Member=Component C39 Capacitor
Added Member To Class: ClassName=3V3_PCM Member=Component C40 Capacitor
Added Member To Class: ClassName=5V0_PCM Member=Component C41 Capacitor
Added Member To Class: ClassName=5V0_PCM Member=Component C42 Capacitor
Added Member To Class: ClassName=5V0_PCM Member=Component C43 Capacitor
Added Member To Class: ClassName=12V_PCM Member=Component C44 Capacitor
