Added Component: Designator=C15(C0603-IPC)
Add component. Clean all parameters for all variants
Add component (AddParameter): Name = "EIA Code"; Value = "X7R"; VariantName = "[No Variations]"
Add component (AddParameter): Name = "Max. Voltage"; Value = "10V"; VariantName = "[No Variations]"
Add component (AddParameter): Name = "OrbitPartId"; Value = "13"; VariantName = "[No Variations]"
Add component (AddParameter): Name = "PartId"; Value = "1"; VariantName = "[No Variations]"
Add component (AddParameter): Name = "Subtype"; Value = "Capacitor"; VariantName = "[No Variations]"
Add component (AddParameter): Name = "Type"; Value = "Passive"; VariantName = "[No Variations]"
Add component (AddParameter): Name = "Value"; Value = "2.2uF"; VariantName = "[No Variations]"
Added Component: Designator=C16(C0603-IPC)
Add component. Clean all parameters for all variants
Add component (AddParameter): Name = "EIA Code"; Value = "X7R"; VariantName = "[No Variations]"
Add component (AddParameter): Name = "Max. Voltage"; Value = "10V"; VariantName = "[No Variations]"
Add component (AddParameter): Name = "OrbitPartId"; Value = "13"; VariantName = "[No Variations]"
Add component (AddParameter): Name = "PartId"; Value = "1"; VariantName = "[No Variations]"
Add component (AddParameter): Name = "Subtype"; Value = "Capacitor"; VariantName = "[No Variations]"
Add component (AddParameter): Name = "Type"; Value = "Passive"; VariantName = "[No Variations]"
Add component (AddParameter): Name = "Value"; Value = "2.2uF"; VariantName = "[No Variations]"
Added Pin To Net: NetName=VCC Pin=*-32
Added Pin To Net: NetName=VCC Pin=C14-2
Added Pin To Net: NetName=GND Pin=C15-1
Added Pin To Net: NetName=GND Pin=C16-1
Added Pin To Net: NetName=Net*_71 Pin=*-71
Added Pin To Net: NetName=Net*_71 Pin=C15-2
Added Net: Name=Net*_71
Added Pin To Net: NetName=Net*_106 Pin=*-106
Added Pin To Net: NetName=Net*_106 Pin=C16-2
Added Net: Name=Net*_106
Added Member To Class: ClassName=MCU Member=Component C15 Capacitor
Added Member To Class: ClassName=MCU Member=Component C16 Capacitor
