Added Component: Designator=C20(C1206-IPC)
Add component. Clean all parameters for all variants
Add component (AddParameter): Name = "ComponentLink1Description"; Value = "12063D106KAT2A"; VariantName = "[No Variations]"
Add component (AddParameter): Name = "ComponentLink1URL"; Value = "https://www.digikey.ca/en/products/detail/avx-corporation/12063D106KAT2A/1950914"; VariantName = "[No Variations]"
Add component (AddParameter): Name = "EIA Code"; Value = "X5R"; VariantName = "[No Variations]"
Add component (AddParameter): Name = "Max. Voltage"; Value = "25V"; VariantName = "[No Variations]"
Add component (AddParameter): Name = "OrbitPartId"; Value = "15"; VariantName = "[No Variations]"
Add component (AddParameter): Name = "PartId"; Value = "1"; VariantName = "[No Variations]"
Add component (AddParameter): Name = "Subtype"; Value = "Capacitor"; VariantName = "[No Variations]"
Add component (AddParameter): Name = "Type"; Value = "Passive"; VariantName = "[No Variations]"
Add component (AddParameter): Name = "Value"; Value = "10uF"; VariantName = "[No Variations]"
Added Component: Designator=C21(C1206-IPC)
Add component. Clean all parameters for all variants
Add component (AddParameter): Name = "ComponentLink1Description"; Value = "12063D106KAT2A"; VariantName = "[No Variations]"
Add component (AddParameter): Name = "ComponentLink1URL"; Value = "https://www.digikey.ca/en/products/detail/avx-corporation/12063D106KAT2A/1950914"; VariantName = "[No Variations]"
Add component (AddParameter): Name = "EIA Code"; Value = "X5R"; VariantName = "[No Variations]"
Add component (AddParameter): Name = "Max. Voltage"; Value = "25V"; VariantName = "[No Variations]"
Add component (AddParameter): Name = "OrbitPartId"; Value = "15"; VariantName = "[No Variations]"
Add component (AddParameter): Name = "PartId"; Value = "1"; VariantName = "[No Variations]"
Add component (AddParameter): Name = "Subtype"; Value = "Capacitor"; VariantName = "[No Variations]"
Add component (AddParameter): Name = "Type"; Value = "Passive"; VariantName = "[No Variations]"
Add component (AddParameter): Name = "Value"; Value = "10uF"; VariantName = "[No Variations]"
Added Component: Designator=C22(C0603-IPC)
Add component. Clean all parameters for all variants
Add component (AddParameter): Name = "ComponentLink1Description"; Value = "C0603C104K3RACTU"; VariantName = "[No Variations]"
Add component (AddParameter): Name = "ComponentLink1URL"; Value = "https://www.digikey.ca/en/products/detail/kemet/C0603C104K3RACTU/416044?s=N4IgTCBcDaIMIAYBsCDMcCMCAsBpVASgIJwAqAqiALoC%2BQA"; VariantName = "[No Variations]"
Add component (AddParameter): Name = "EIA Code"; Value = "X7R"; VariantName = "[No Variations]"
Add component (AddParameter): Name = "Max. Voltage"; Value = "25V"; VariantName = "[No Variations]"
Add component (AddParameter): Name = "OrbitPartId"; Value = "13"; VariantName = "[No Variations]"
Add component (AddParameter): Name = "PartId"; Value = "1"; VariantName = "[No Variations]"
Add component (AddParameter): Name = "Subtype"; Value = "Capacitor"; VariantName = "[No Variations]"
Add component (AddParameter): Name = "Type"; Value = "Passive"; VariantName = "[No Variations]"
Add component (AddParameter): Name = "Value"; Value = "0.1uF"; VariantName = "[No Variations]"
Added Component: Designator=C23(C0603-IPC)
Add component. Clean all parameters for all variants
Add component (AddParameter): Name = "ComponentLink1Description"; Value = "C0603C104K3RACTU"; VariantName = "[No Variations]"
Add component (AddParameter): Name = "ComponentLink1URL"; Value = "https://www.digikey.ca/en/products/detail/kemet/C0603C104K3RACTU/416044?s=N4IgTCBcDaIMIAYBsCDMcCMCAsBpVASgIJwAqAqiALoC%2BQA"; VariantName = "[No Variations]"
Add component (AddParameter): Name = "EIA Code"; Value = "X7R"; VariantName = "[No Variations]"
Add component (AddParameter): Name = "Max. Voltage"; Value = "25V"; VariantName = "[No Variations]"
Add component (AddParameter): Name = "OrbitPartId"; Value = "13"; VariantName = "[No Variations]"
Add component (AddParameter): Name = "PartId"; Value = "1"; VariantName = "[No Variations]"
Add component (AddParameter): Name = "Subtype"; Value = "Capacitor"; VariantName = "[No Variations]"
Add component (AddParameter): Name = "Type"; Value = "Passive"; VariantName = "[No Variations]"
Add component (AddParameter): Name = "Value"; Value = "0.1uF"; VariantName = "[No Variations]"
Added Component: Designator=C24(C0603-IPC)
Add component. Clean all parameters for all variants
Add component (AddParameter): Name = "ComponentLink1Description"; Value = "C1608X5R1A226M080AC"; VariantName = "[No Variations]"
Add component (AddParameter): Name = "ComponentLink1URL"; Value = "https://www.digikey.ca/en/products/detail/tdk-corporation/C1608X5R1A226M080AC/3661560?s=N4IgTCBcDaIMIEYBsAGAHADQKwCUEEEwwkBZdFfOEAXQF8g"; VariantName = "[No Variations]"
Add component (AddParameter): Name = "EIA Code"; Value = "X5R"; VariantName = "[No Variations]"
Add component (AddParameter): Name = "Max. Voltage"; Value = "10V"; VariantName = "[No Variations]"
Add component (AddParameter): Name = "OrbitPartId"; Value = "13"; VariantName = "[No Variations]"
Add component (AddParameter): Name = "PartId"; Value = "1"; VariantName = "[No Variations]"
Add component (AddParameter): Name = "Subtype"; Value = "Capacitor"; VariantName = "[No Variations]"
Add component (AddParameter): Name = "Type"; Value = "Passive"; VariantName = "[No Variations]"
Add component (AddParameter): Name = "Value"; Value = "22uF"; VariantName = "[No Variations]"
Added Component: Designator=C25(C0603-IPC)
Add component. Clean all parameters for all variants
Add component (AddParameter): Name = "ComponentLink1Description"; Value = "C1608X5R1A226M080AC"; VariantName = "[No Variations]"
Add component (AddParameter): Name = "ComponentLink1URL"; Value = "https://www.digikey.ca/en/products/detail/tdk-corporation/C1608X5R1A226M080AC/3661560?s=N4IgTCBcDaIMIEYBsAGAHADQKwCUEEEwwkBZdFfOEAXQF8g"; VariantName = "[No Variations]"
Add component (AddParameter): Name = "EIA Code"; Value = "X5R"; VariantName = "[No Variations]"
Add component (AddParameter): Name = "Max. Voltage"; Value = "10V"; VariantName = "[No Variations]"
Add component (AddParameter): Name = "OrbitPartId"; Value = "13"; VariantName = "[No Variations]"
Add component (AddParameter): Name = "PartId"; Value = "1"; VariantName = "[No Variations]"
Add component (AddParameter): Name = "Subtype"; Value = "Capacitor"; VariantName = "[No Variations]"
Add component (AddParameter): Name = "Type"; Value = "Passive"; VariantName = "[No Variations]"
Add component (AddParameter): Name = "Value"; Value = "22uF"; VariantName = "[No Variations]"
Added Component: Designator=C26(C0603-IPC)
Add component. Clean all parameters for all variants
Add component (AddParameter): Name = "ComponentLink1Description"; Value = "C1608X5R1A226M080AC"; VariantName = "[No Variations]"
Add component (AddParameter): Name = "ComponentLink1URL"; Value = "https://www.digikey.ca/en/products/detail/tdk-corporation/C1608X5R1A226M080AC/3661560?s=N4IgTCBcDaIMIEYBsAGAHADQKwCUEEEwwkBZdFfOEAXQF8g"; VariantName = "[No Variations]"
Add component (AddParameter): Name = "EIA Code"; Value = "X5R"; VariantName = "[No Variations]"
Add component (AddParameter): Name = "Max. Voltage"; Value = "10V"; VariantName = "[No Variations]"
Add component (AddParameter): Name = "OrbitPartId"; Value = "13"; VariantName = "[No Variations]"
Add component (AddParameter): Name = "PartId"; Value = "1"; VariantName = "[No Variations]"
Add component (AddParameter): Name = "Subtype"; Value = "Capacitor"; VariantName = "[No Variations]"
Add component (AddParameter): Name = "Type"; Value = "Passive"; VariantName = "[No Variations]"
Add component (AddParameter): Name = "Value"; Value = "22uF"; VariantName = "[No Variations]"
Added Component: Designator=L1(WE-LHMI 7050)
Add component. Clean all parameters for all variants
Add component (AddParameter): Name = "ComponentLink1Description"; Value = "Manufacturer URL"; VariantName = "[No Variations]"
Add component (AddParameter): Name = "ComponentLink1URL"; Value = "http://www.we-online.com"; VariantName = "[No Variations]"
Add component (AddParameter): Name = "ComponentLink2Description"; Value = "Datasheet"; VariantName = "[No Variations]"
Add component (AddParameter): Name = "ComponentLink2URL"; Value = "http://katalog.we-online.de/kataloge/eisos/media/pdf/74437349022.pdf"; VariantName = "[No Variations]"
Add component (AddParameter): Name = "Inductance"; Value = "2.2 µH"; VariantName = "[No Variations]"
Add component (AddParameter): Name = "Manufacturer"; Value = "Wuerth Elektronik"; VariantName = "[No Variations]"
Add component (AddParameter): Name = "PackageReference"; Value = "WE-LHMI 7050"; VariantName = "[No Variations]"
Add component (AddParameter): Name = "PartNumber"; Value = "74437349022"; VariantName = "[No Variations]"
Added Component: Designator=R10(R0402-IPC)
Add component. Clean all parameters for all variants
Add component (AddParameter): Name = "ComponentLink1Description"; Value = "CRCW040233K2FKED"; VariantName = "[No Variations]"
Add component (AddParameter): Name = "ComponentLink1URL"; Value = "https://www.digikey.ca/en/products/detail/vishay-dale/CRCW040233K2FKED/1178179"; VariantName = "[No Variations]"
Add component (AddParameter): Name = "OrbitPartId"; Value = "19"; VariantName = "[No Variations]"
Add component (AddParameter): Name = "PartId"; Value = "1"; VariantName = "[No Variations]"
Add component (AddParameter): Name = "Subtype"; Value = "Resistor"; VariantName = "[No Variations]"
Add component (AddParameter): Name = "Type"; Value = "Passive"; VariantName = "[No Variations]"
Add component (AddParameter): Name = "Value"; Value = "33.2k"; VariantName = "[No Variations]"
Added Component: Designator=R11(R0402-IPC)
Add component. Clean all parameters for all variants
Add component (AddParameter): Name = "ComponentLink1Description"; Value = "CRCW040210K0FKED"; VariantName = "[No Variations]"
Add component (AddParameter): Name = "ComponentLink1URL"; Value = "https://www.digikey.ca/en/products/detail/vishay-dale/CRCW040210K0FKED/1178121"; VariantName = "[No Variations]"
Add component (AddParameter): Name = "OrbitPartId"; Value = "19"; VariantName = "[No Variations]"
Add component (AddParameter): Name = "PartId"; Value = "1"; VariantName = "[No Variations]"
Add component (AddParameter): Name = "Subtype"; Value = "Resistor"; VariantName = "[No Variations]"
Add component (AddParameter): Name = "Type"; Value = "Passive"; VariantName = "[No Variations]"
Add component (AddParameter): Name = "Value"; Value = "10k"; VariantName = "[No Variations]"
Added Component: Designator=U3(SOT23-6_L)
Add component. Clean all parameters for all variants
Add component (AddParameter): Name = "ComponentLink1Description"; Value = "Datasheet"; VariantName = "[No Variations]"
Add component (AddParameter): Name = "ComponentLink1URL"; Value = "http://www.ti.com/lit/ds/symlink/tps565208.pdf"; VariantName = "[No Variations]"
Added Pin To Net: NetName=GND Pin=C20-1
Added Pin To Net: NetName=GND Pin=C21-1
Added Pin To Net: NetName=GND Pin=C22-1
Added Pin To Net: NetName=GND Pin=C24-1
Added Pin To Net: NetName=GND Pin=C25-1
Added Pin To Net: NetName=GND Pin=C26-1
Added Pin To Net: NetName=GND Pin=R11-1
Added Pin To Net: NetName=GND Pin=U3-1
Added Pin To Net: NetName=3V3 Pin=C24-2
Added Pin To Net: NetName=3V3 Pin=C25-2
Added Pin To Net: NetName=3V3 Pin=C26-2
Added Pin To Net: NetName=3V3 Pin=L1-2
Added Pin To Net: NetName=3V3 Pin=R10-2
Added Net: Name=3V3
Added Pin To Net: NetName=NetC23_1 Pin=C23-1
Added Pin To Net: NetName=NetC23_1 Pin=U3-6
Added Net: Name=NetC23_1
Added Pin To Net: NetName=NetC23_2 Pin=C23-2
Added Pin To Net: NetName=NetC23_2 Pin=L1-1
Added Pin To Net: NetName=NetC23_2 Pin=U3-2
Added Net: Name=NetC23_2
Added Pin To Net: NetName=NetR10_1 Pin=R10-1
Added Pin To Net: NetName=NetR10_1 Pin=R11-2
Added Pin To Net: NetName=NetR10_1 Pin=U3-4
Added Net: Name=NetR10_1
Added Pin To Net: NetName=VCC_IN Pin=C20-2
Added Pin To Net: NetName=VCC_IN Pin=C21-2
Added Pin To Net: NetName=VCC_IN Pin=C22-2
Added Pin To Net: NetName=VCC_IN Pin=U3-3
Added Pin To Net: NetName=VCC_IN Pin=U3-5
Added Net: Name=VCC_IN
Added Class: Name=3V3_PCM
Added Room: Name=3V3_PCM
