Added Component: Designator=*(PTS810)
Add component. Clean all parameters for all variants
Add component (AddParameter): Name = "Manufacturer"; Value = "C&K"; VariantName = "[No Variations]"
Add component (AddParameter): Name = "OrbitPartId"; Value = "39"; VariantName = "[No Variations]"
Add component (AddParameter): Name = "PartId"; Value = "1"; VariantName = "[No Variations]"
Add component (AddParameter): Name = "Part Number"; Value = "PTS810 SJM 250 SMTR LFS"; VariantName = "[No Variations]"
Add component (AddParameter): Name = "Subtype"; Value = "Tactile"; VariantName = "[No Variations]"
Add component (AddParameter): Name = "Supplier 1"; Value = "Digi-Key"; VariantName = "[No Variations]"
Add component (AddParameter): Name = "Supplier Part Number 1"; Value = "CKN10502CT-ND"; VariantName = "[No Variations]"
Add component (AddParameter): Name = "Type"; Value = "Switch"; VariantName = "[No Variations]"
Added Component: Designator=C?(C0603-IPC)
Add component. Clean all parameters for all variants
Add component (AddParameter): Name = "EIA Code"; Value = "X7R"; VariantName = "[No Variations]"
Add component (AddParameter): Name = "Max. Voltage"; Value = "10V"; VariantName = "[No Variations]"
Add component (AddParameter): Name = "OrbitPartId"; Value = "13"; VariantName = "[No Variations]"
Add component (AddParameter): Name = "PartId"; Value = "1"; VariantName = "[No Variations]"
Add component (AddParameter): Name = "Subtype"; Value = "Capacitor"; VariantName = "[No Variations]"
Add component (AddParameter): Name = "Type"; Value = "Passive"; VariantName = "[No Variations]"
Add component (AddParameter): Name = "Value"; Value = "100nF"; VariantName = "[No Variations]"
Added Component: Designator=D1(LED0603-IPC)
Add component. Clean all parameters for all variants
Add component (AddParameter): Name = "Supplier 1"; Value = "Digi-Key"; VariantName = "[No Variations]"
Add component (AddParameter): Name = "Supplier Part Number 1"; Value = "732-4966-1-ND"; VariantName = "[No Variations]"
Added Component: Designator=D2(LED0603-IPC)
Add component. Clean all parameters for all variants
Add component (AddParameter): Name = "Supplier 1"; Value = "Digi-Key"; VariantName = "[No Variations]"
Add component (AddParameter): Name = "Supplier Part Number 1"; Value = "732-4966-1-ND"; VariantName = "[No Variations]"
Added Component: Designator=R1(R0603-IPC)
Add component. Clean all parameters for all variants
Add component (AddParameter): Name = "OrbitPartId"; Value = "20"; VariantName = "[No Variations]"
Add component (AddParameter): Name = "PartId"; Value = "1"; VariantName = "[No Variations]"
Add component (AddParameter): Name = "Subtype"; Value = "Resistor"; VariantName = "[No Variations]"
Add component (AddParameter): Name = "Type"; Value = "Passive"; VariantName = "[No Variations]"
Add component (AddParameter): Name = "Value"; Value = "10k"; VariantName = "[No Variations]"
Added Component: Designator=R2(R0603-IPC)
Add component. Clean all parameters for all variants
Add component (AddParameter): Name = "OrbitPartId"; Value = "20"; VariantName = "[No Variations]"
Add component (AddParameter): Name = "PartId"; Value = "1"; VariantName = "[No Variations]"
Add component (AddParameter): Name = "Subtype"; Value = "Resistor"; VariantName = "[No Variations]"
Add component (AddParameter): Name = "Type"; Value = "Passive"; VariantName = "[No Variations]"
Add component (AddParameter): Name = "Value"; Value = "10k"; VariantName = "[No Variations]"
Added Component: Designator=R3(R0603-IPC)
Add component. Clean all parameters for all variants
Add component (AddParameter): Name = "OrbitPartId"; Value = "20"; VariantName = "[No Variations]"
Add component (AddParameter): Name = "PartId"; Value = "1"; VariantName = "[No Variations]"
Add component (AddParameter): Name = "Subtype"; Value = "Resistor"; VariantName = "[No Variations]"
Add component (AddParameter): Name = "Type"; Value = "Passive"; VariantName = "[No Variations]"
Add component (AddParameter): Name = "Value"; Value = "27"; VariantName = "[No Variations]"
Added Component: Designator=R4(R0603-IPC)
Add component. Clean all parameters for all variants
Add component (AddParameter): Name = "Value"; Value = "51"; VariantName = "[No Variations]"
Added Component: Designator=R?(R0603-IPC)
Add component. Clean all parameters for all variants
Add component (AddParameter): Name = "OrbitPartId"; Value = "20"; VariantName = "[No Variations]"
Add component (AddParameter): Name = "PartId"; Value = "1"; VariantName = "[No Variations]"
Add component (AddParameter): Name = "Subtype"; Value = "Resistor"; VariantName = "[No Variations]"
Add component (AddParameter): Name = "Type"; Value = "Passive"; VariantName = "[No Variations]"
Add component (AddParameter): Name = "Value"; Value = "10k"; VariantName = "[No Variations]"
Added Pin To Net: NetName=GND Pin=*-2
Added Pin To Net: NetName=GND Pin=*-2
Added Pin To Net: NetName=GND Pin=C?-2
Added Pin To Net: NetName=VCC Pin=D1-A
Added Pin To Net: NetName=VCC Pin=D2-A
Added Pin To Net: NetName=GND Pin=R1-1
Added Pin To Net: NetName=GND Pin=R2-1
Added Pin To Net: NetName=GND Pin=R4-2
Added Pin To Net: NetName=GND Pin=R?-1
Change Net Name : Old Net Name=VCC New Net Name=MCU_VCC
Added Pin To Net: NetName=BOOT0 Pin=R?-2
Added Net: Name=BOOT0
Added Pin To Net: NetName=Net*_27 Pin=R2-2
Added Net: Name=Net*_27
Added Pin To Net: NetName=Net*_34 Pin=R1-2
Added Net: Name=Net*_34
Added Pin To Net: NetName=Net*_75 Pin=R3-2
Added Net: Name=Net*_75
Added Pin To Net: NetName=NetD1_K Pin=D1-K
Added Pin To Net: NetName=NetD1_K Pin=R4-1
Added Net: Name=NetD1_K
Added Pin To Net: NetName=NetD2_K Pin=D2-K
Added Pin To Net: NetName=NetD2_K Pin=R3-1
Added Net: Name=NetD2_K
Added Pin To Net: NetName=NRST Pin=*-1
Added Pin To Net: NetName=NRST Pin=*-1
Added Pin To Net: NetName=NRST Pin=C?-1
Added Net: Name=NRST
Added Member To Class: ClassName=MCU Member=Component * PTS810
Added Member To Class: ClassName=MCU Member=Component C? Capacitor
Added Member To Class: ClassName=MCU Member=Component D1 MCU_PWR_LED
Added Member To Class: ClassName=MCU Member=Component D2 MCU_USER_LED
Added Member To Class: ClassName=MCU Member=Component R1 Resistor
Added Member To Class: ClassName=MCU Member=Component R2 Resistor
Added Member To Class: ClassName=MCU Member=Component R3 Resistor
Added Member To Class: ClassName=MCU Member=Component R4 0603 Template
Added Member To Class: ClassName=MCU Member=Component R? Resistor
