Added Component: Designator=C18(C0603-IPC)
Add component. Clean all parameters for all variants
Add component (AddParameter): Name = "EIA Code"; Value = "X7R"; VariantName = "[No Variations]"
Add component (AddParameter): Name = "Max. Voltage"; Value = "10V"; VariantName = "[No Variations]"
Add component (AddParameter): Name = "OrbitPartId"; Value = "13"; VariantName = "[No Variations]"
Add component (AddParameter): Name = "PartId"; Value = "1"; VariantName = "[No Variations]"
Add component (AddParameter): Name = "Subtype"; Value = "Capacitor"; VariantName = "[No Variations]"
Add component (AddParameter): Name = "Type"; Value = "Passive"; VariantName = "[No Variations]"
Add component (AddParameter): Name = "Value"; Value = "100nF"; VariantName = "[No Variations]"
Added Component: Designator=U2(SOIC127P600X175-8N)
Add component. Clean all parameters for all variants
Add component (AddParameter): Name = "Manufacturer"; Value = "Texas Instruments"; VariantName = "[No Variations]"
Add component (AddParameter): Name = "OrbitPartId"; Value = "26"; VariantName = "[No Variations]"
Add component (AddParameter): Name = "PartId"; Value = "1"; VariantName = "[No Variations]"
Add component (AddParameter): Name = "Part Number"; Value = "TCAN334DCNT"; VariantName = "[No Variations]"
Add component (AddParameter): Name = "Subtype"; Value = "CAN Transceiver"; VariantName = "[No Variations]"
Add component (AddParameter): Name = "Supplier 1"; Value = "Digi-Key"; VariantName = "[No Variations]"
Add component (AddParameter): Name = "Supplier Part Number 1"; Value = "296-44503-1-ND"; VariantName = "[No Variations]"
Add component (AddParameter): Name = "Type"; Value = "Integrated Circuit"; VariantName = "[No Variations]"
Added Pin To Net: NetName=GND Pin=C18-1
Added Pin To Net: NetName=MCU_VCC Pin=C18-2
Added Pin To Net: NetName=GND Pin=U2-2
Added Pin To Net: NetName=MCU_VCC Pin=U2-3
Added Pin To Net: NetName=CAN_H Pin=U2-7
Added Net: Name=CAN_H
Added Pin To Net: NetName=CAN_L Pin=U2-6
Added Net: Name=CAN_L
Added Pin To Net: NetName=MCU_CAN_RX Pin=U1-114
Added Pin To Net: NetName=MCU_CAN_RX Pin=U2-4
Added Net: Name=MCU_CAN_RX
Added Pin To Net: NetName=MCU_CAN_SHDN Pin=U1-47
Added Pin To Net: NetName=MCU_CAN_SHDN Pin=U2-5
Added Net: Name=MCU_CAN_SHDN
Added Pin To Net: NetName=MCU_CAN_STB Pin=U1-46
Added Pin To Net: NetName=MCU_CAN_STB Pin=U2-8
Added Net: Name=MCU_CAN_STB
Added Pin To Net: NetName=MCU_CAN_TX Pin=U1-115
Added Pin To Net: NetName=MCU_CAN_TX Pin=U2-1
Added Net: Name=MCU_CAN_TX
Added Pin To Net: NetName=MCU_SWCLK Pin=U1-109
Added Net: Name=MCU_SWCLK
Added Pin To Net: NetName=MCU_SWDIO Pin=U1-105
Added Net: Name=MCU_SWDIO
Added Member To Class: ClassName=MCU Member=Component C18 Capacitor
Added Member To Class: ClassName=MCU Member=Component U2 TCAN334
